<?xml version="1.0" encoding="UTF-8"?>
<!-- Generated by org.testng.reporters.JUnitReportReporter -->
<testsuite skipped="0" hostname="windows" name="goRestAPIconcepts.TC005_DELETEcall" tests="1" failures="0" timestamp="12 May 2023 02:56:41 GMT" time="2.721" errors="0">
  <testcase name="deleteCustomer" time="2.721" classname="goRestAPIconcepts.TC005_DELETEcall"/>
</testsuite> <!-- goRestAPIconcepts.TC005_DELETEcall -->
