<?xml version="1.0" encoding="UTF-8"?>
<!-- Generated by org.testng.reporters.JUnitReportReporter -->
<testsuite skipped="0" hostname="windows" name="goRestAPIconcepts.TC003_POSTcalls" tests="1" failures="0" timestamp="10 May 2023 20:18:42 GMT" time="2.469" errors="0">
  <testcase name="createCustomer" time="2.469" classname="goRestAPIconcepts.TC003_POSTcalls"/>
</testsuite> <!-- goRestAPIconcepts.TC003_POSTcalls -->
