<?xml version="1.0" encoding="UTF-8"?>
<!-- Generated by org.testng.reporters.JUnitReportReporter -->
<testsuite skipped="0" hostname="windows" name="goRestAPIconcepts.TC003_Post_Calls_payload_public" tests="1" failures="0" timestamp="15 Aug 2023 19:33:27 GMT" time="2.968" errors="0">
  <testcase name="createCustomerDetails" time="2.968" classname="goRestAPIconcepts.TC003_Post_Calls_payload_public"/>
</testsuite> <!-- goRestAPIconcepts.TC003_Post_Calls_payload_public -->
