<?xml version="1.0" encoding="UTF-8"?>
<!-- Generated by org.testng.reporters.JUnitReportReporter -->
<testsuite skipped="2" hostname="windows" name="goRestAPIconcepts.GETCommands" tests="3" failures="0" timestamp="15 Aug 2023 15:40:00 GMT" time="2.650" errors="0">
  <testcase name="getDetailsWithInvalidID" time="2.650" classname="goRestAPIconcepts.GETCommands"/>
  <testcase name="getDetailsBasedOnId" classname="goRestAPIconcepts.GETCommands">
    <skipped/>
  </testcase> <!-- getDetailsBasedOnId -->
  <testcase name="getDetailsBasedOnInvalidId" classname="goRestAPIconcepts.GETCommands">
    <skipped/>
  </testcase> <!-- getDetailsBasedOnInvalidId -->
</testsuite> <!-- goRestAPIconcepts.GETCommands -->
